<?xml version="1.0" encoding="UTF-8"?>
<!-- Generated by org.testng.reporters.JUnitXMLReporter -->
<testsuite ignored="0" hostname="DESKTOP-V6I1E6E" failures="0" tests="4" name="Default test" time="92.106" errors="0" timestamp="2022-04-30T11:42:25 IST">
  <testcase classname="insuranceCalculation_Motorcycle.errortests_motor_cycle" name="errorMessageCylinder_Capacity" time="3.727"/>
  <testcase classname="insuranceCalculation_Motorcycle.errortests_motor_cycle" name="errorMessageMakeDropDown" time="3.02"/>
  <testcase classname="insuranceCalculation_Motorcycle.errortests_motor_cycle" name="errorMessageModelDropDown" time="2.102"/>
  <testcase classname="insuranceCalculation_Motorcycle.errortests_motor_cycle" name="errorMessageManufacturedateformat" time="2.558"/>
</testsuite> <!-- Default test -->
