<?xml version="1.0" encoding="UTF-8"?>
<testng-results ignored="0" total="1" passed="1" failed="0" skipped="0">
  <reporter-output>
  </reporter-output>
  <suite started-at="2022-06-08T13:50:35 IST" name="Suite" finished-at="2022-06-08T13:51:23 IST" duration-ms="47762">
    <groups>
    </groups>
    <test started-at="2022-06-08T13:50:35 IST" name="Test" finished-at="2022-06-08T13:51:23 IST" duration-ms="47762">
      <class name="insuranceCalculation_Motorcycle.EndtoEndTests_motorCycle">
        <test-method is-config="true" signature="SetUpMethod()[pri:0, instance:insuranceCalculation_Motorcycle.EndtoEndTests_motorCycle@3e58a80e]" started-at="2022-06-08T13:50:36 IST" name="SetUpMethod" finished-at="2022-06-08T13:51:10 IST" duration-ms="34266" status="PASS">
          <reporter-output>
          </reporter-output>
        </test-method> <!-- SetUpMethod -->
        <test-method signature="insuranceCalculate()[pri:1, instance:insuranceCalculation_Motorcycle.EndtoEndTests_motorCycle@3e58a80e]" started-at="2022-06-08T13:51:10 IST" name="insuranceCalculate" finished-at="2022-06-08T13:51:22 IST" duration-ms="11428" status="PASS">
          <reporter-output>
          </reporter-output>
        </test-method> <!-- insuranceCalculate -->
        <test-method is-config="true" signature="ClosureMethod()[pri:0, instance:insuranceCalculation_Motorcycle.EndtoEndTests_motorCycle@3e58a80e]" started-at="2022-06-08T13:51:22 IST" name="ClosureMethod" finished-at="2022-06-08T13:51:23 IST" duration-ms="1001" status="PASS">
          <reporter-output>
          </reporter-output>
        </test-method> <!-- ClosureMethod -->
      </class> <!-- insuranceCalculation_Motorcycle.EndtoEndTests_motorCycle -->
    </test> <!-- Test -->
  </suite> <!-- Suite -->
</testng-results>
